[DEBUG][Qt] 06.12.2024 19:22:38 [] (unknown:0) - Session start time .......: 20241206_192238
[DEBUG][Qt] 06.12.2024 19:22:38 [] (unknown:0) - Slicer version ...........: 5.6.2 (revision 32448 / f10cd8c) win-amd64 - installed release
[DEBUG][Qt] 06.12.2024 19:22:38 [] (unknown:0) - Operating system .........: Windows /  Personal / (Build 22631, Code Page 65001) - 64-bit
[DEBUG][Qt] 06.12.2024 19:22:38 [] (unknown:0) - Memory ...................: 7973 MB physical, 13868 MB virtual
[DEBUG][Qt] 06.12.2024 19:22:38 [] (unknown:0) - CPU ......................: GenuineIntel , 8 cores, 8 logical processors
[DEBUG][Qt] 06.12.2024 19:22:38 [] (unknown:0) - VTK configuration ........: OpenGL2 rendering, TBB threading
[DEBUG][Qt] 06.12.2024 19:22:38 [] (unknown:0) - Qt configuration .........: version 5.15.2, with SSL, requested OpenGL 3.2 (compatibility profile)
[DEBUG][Qt] 06.12.2024 19:22:38 [] (unknown:0) - Internationalization .....: disabled, language=
[DEBUG][Qt] 06.12.2024 19:22:38 [] (unknown:0) - Developer mode ...........: enabled
[DEBUG][Qt] 06.12.2024 19:22:38 [] (unknown:0) - Application path .........: D:/Slicer 5.6.2/bin
[DEBUG][Qt] 06.12.2024 19:22:38 [] (unknown:0) - Additional module paths ..: D:/projet 3d\SurgicalEducation\DICOMLoader, D:/projet 3d\SurgicalEducation\Reconstruction3D, D:/projet 3d\SurgicalEducation\SurgicalSimulation
[CRITICAL][Stream] 06.12.2024 19:22:50 [] (unknown:0) - Traceback (most recent call last):
[CRITICAL][Stream] 06.12.2024 19:22:50 [] (unknown:0) -   File "<string>", line 1, in <module>
[CRITICAL][Stream] 06.12.2024 19:22:50 [] (unknown:0) -   File "D:\Slicer 5.6.2\lib\Python\Lib\imp.py", line 169, in load_source
[CRITICAL][Stream] 06.12.2024 19:22:50 [] (unknown:0) -     module = _exec(spec, sys.modules[name])
[CRITICAL][Stream] 06.12.2024 19:22:50 [] (unknown:0) -   File "<frozen importlib._bootstrap>", line 613, in _exec
[CRITICAL][Stream] 06.12.2024 19:22:50 [] (unknown:0) -   File "<frozen importlib._bootstrap_external>", line 850, in exec_module
[CRITICAL][Stream] 06.12.2024 19:22:50 [] (unknown:0) -   File "<frozen importlib._bootstrap>", line 228, in _call_with_frames_removed
[CRITICAL][Stream] 06.12.2024 19:22:50 [] (unknown:0) -   File "D:/projet 3d/SurgicalEducation/DICOMLoader/DICOMLoader.py", line 4, in <module>
[CRITICAL][Stream] 06.12.2024 19:22:50 [] (unknown:0) -     from slicer.util import qt
[CRITICAL][Stream] 06.12.2024 19:22:50 [] (unknown:0) - ImportError: cannot import name 'qt' from 'slicer.util' (D:\Slicer 5.6.2\bin\Python\slicer\util.py)
[CRITICAL][Qt] 06.12.2024 19:22:50 [] (unknown:0) - loadSourceAsModule - Failed to load file "D:/projet 3d/SurgicalEducation/DICOMLoader/DICOMLoader.py"  as module "DICOMLoader" !
[CRITICAL][Qt] 06.12.2024 19:22:50 [] (unknown:0) - Fail to instantiate module  "DICOMLoader"
[CRITICAL][Qt] 06.12.2024 19:22:52 [] (unknown:0) - The following modules failed to be instantiated:
[CRITICAL][Qt] 06.12.2024 19:22:52 [] (unknown:0) -    DICOMLoader
[DEBUG][Python] 06.12.2024 19:22:55 [Python] (D:\Slicer 5.6.2\lib\Slicer-5.6\qt-scripted-modules\SubjectHierarchyPlugins\AbstractScriptedSubjectHierarchyPlugin.py:39) - Scripted subject hierarchy plugin registered: SegmentEditor
[DEBUG][Python] 06.12.2024 19:22:55 [Python] (D:\Slicer 5.6.2\lib\Slicer-5.6\qt-scripted-modules\SubjectHierarchyPlugins\AbstractScriptedSubjectHierarchyPlugin.py:39) - Scripted subject hierarchy plugin registered: SegmentStatistics
[DEBUG][Qt] 06.12.2024 19:22:56 [] (unknown:0) - Switch to module:  "Welcome"
[DEBUG][Qt] 06.12.2024 19:23:21 [] (unknown:0) - Switch to module:  "DICOM"
[DEBUG][Qt] 06.12.2024 19:23:41 [] (unknown:0) - Skipped 291 files that were already in the database: D:/3d slicer/3DVisualizationDataset/3DVisualizationDataset/dataset1_Thorax_Abdomen/IM-0001-0001.dcm, D:/3d slicer/3DVisualizationDataset/3DVisualizationDataset/dataset1_Thorax_Abdomen/IM-0001-0002.dcm, D:/3d slicer/3DVisualizationDataset/3DVisualizationDataset/dataset1_Thorax_Abdomen/IM-0001-0003.dcm, D:/3d slicer/3DVisualizationDataset/3DVisualizationDataset/dataset1_Thorax_Abdomen/IM-0001-0004.dcm, D:/3d slicer/3DVisualizationDataset/3DVisualizationDataset/dataset1_Thorax_Abdomen/IM-0001-0005.dcm, D:/3d slicer/3DVisualizationDataset/3DVisualizationDataset/dataset1_Thorax_Abdomen/IM-0001-0006.dcm, D:/3d slicer/3DVisualizationDataset/3DVisualizationDataset/dataset1_Thorax_Abdomen/IM-0001-0007.dcm, D:/3d slicer/3DVisualizationDataset/3DVisualizationDataset/dataset1_Thorax_Abdomen/IM-0001-0008.dcm, D:/3d slicer/3DVisualizationDataset/3DVisualizationDataset/dataset1_Thorax_Abdomen/IM-0001-0009.dcm...
[DEBUG][Qt] 06.12.2024 19:23:41 [] (unknown:0) - "DICOM indexer has successfully processed 291 files [0.01s]"
[DEBUG][Qt] 06.12.2024 19:23:41 [] (unknown:0) - "DICOM indexer has updated display fields for 0 files [0.00s]"
[INFO][Python] 06.12.2024 19:23:41 [Python] (D:\Slicer 5.6.2\lib\Slicer-5.6\qt-scripted-modules\DICOMLib\DICOMBrowser.py:263) - Imported a DICOM directory, checking for extensions
[INFO][Python] 06.12.2024 19:24:06 [Python] (D:/Slicer 5.6.2/bin/../lib/Slicer-5.6/qt-scripted-modules/DICOMScalarVolumePlugin.py:446) - Loading with imageIOName: GDCM
[DEBUG][Qt] 06.12.2024 19:24:56 [] (unknown:0) - Switch to module:  "SampleData"
[DEBUG][Python] 06.12.2024 19:25:13 [Python] (D:/Slicer 5.6.2/bin/../lib/Slicer-5.6/qt-scripted-modules/SampleData.py:384) - Requesting download SurgicalSimulation1.nrrd from https://github.com/Slicer/SlicerTestingData/releases/download/SHA256/998cb522173839c78657f4bc0ea907cea09fd04e44601f17c82ea27927937b95 ...
[DEBUG][Python] 06.12.2024 19:25:15 [Python] (D:/Slicer 5.6.2/bin/../lib/Slicer-5.6/qt-scripted-modules/SampleData.py:384) - Downloaded 496.0 KB (10% of 4.8 MB)...
[DEBUG][Python] 06.12.2024 19:25:17 [Python] (D:/Slicer 5.6.2/bin/../lib/Slicer-5.6/qt-scripted-modules/SampleData.py:384) - Downloaded 992.0 KB (20% of 4.8 MB)...
[DEBUG][Python] 06.12.2024 19:25:20 [Python] (D:/Slicer 5.6.2/bin/../lib/Slicer-5.6/qt-scripted-modules/SampleData.py:384) - Downloaded 1.5 MB (30% of 4.8 MB)...
[DEBUG][Python] 06.12.2024 19:25:25 [Python] (D:/Slicer 5.6.2/bin/../lib/Slicer-5.6/qt-scripted-modules/SampleData.py:384) - Downloaded 1.9 MB (40% of 4.8 MB)...
[DEBUG][Python] 06.12.2024 19:25:28 [Python] (D:/Slicer 5.6.2/bin/../lib/Slicer-5.6/qt-scripted-modules/SampleData.py:384) - Downloaded 2.4 MB (50% of 4.8 MB)...
[DEBUG][Python] 06.12.2024 19:25:29 [Python] (D:/Slicer 5.6.2/bin/../lib/Slicer-5.6/qt-scripted-modules/SampleData.py:384) - Downloaded 2.9 MB (60% of 4.8 MB)...
[DEBUG][Python] 06.12.2024 19:25:30 [Python] (D:/Slicer 5.6.2/bin/../lib/Slicer-5.6/qt-scripted-modules/SampleData.py:384) - Downloaded 3.4 MB (70% of 4.8 MB)...
[DEBUG][Python] 06.12.2024 19:25:31 [Python] (D:/Slicer 5.6.2/bin/../lib/Slicer-5.6/qt-scripted-modules/SampleData.py:384) - Downloaded 3.9 MB (80% of 4.8 MB)...
[DEBUG][Python] 06.12.2024 19:25:31 [Python] (D:/Slicer 5.6.2/bin/../lib/Slicer-5.6/qt-scripted-modules/SampleData.py:384) - Downloaded 4.4 MB (90% of 4.8 MB)...
[DEBUG][Python] 06.12.2024 19:25:32 [Python] (D:/Slicer 5.6.2/bin/../lib/Slicer-5.6/qt-scripted-modules/SampleData.py:384) - Downloaded 4.8 MB (100% of 4.8 MB)...
[DEBUG][Python] 06.12.2024 19:25:32 [Python] (D:/Slicer 5.6.2/bin/../lib/Slicer-5.6/qt-scripted-modules/SampleData.py:384) - Download finished
[DEBUG][Python] 06.12.2024 19:25:32 [Python] (D:/Slicer 5.6.2/bin/../lib/Slicer-5.6/qt-scripted-modules/SampleData.py:384) - Verifying checksum
[DEBUG][Python] 06.12.2024 19:25:32 [Python] (D:/Slicer 5.6.2/bin/../lib/Slicer-5.6/qt-scripted-modules/SampleData.py:384) - Checksum OK
[DEBUG][Python] 06.12.2024 19:25:32 [Python] (D:/Slicer 5.6.2/bin/../lib/Slicer-5.6/qt-scripted-modules/SampleData.py:384) - Requesting load SurgicalSimulation1 from C:/Users/Majd Saadouli/AppData/Local/slicer.org/Slicer/cache/SlicerIO/SurgicalSimulation1.nrrd ...
[DEBUG][Qt] 06.12.2024 19:25:33 [] (unknown:0) - "Volume" Reader has successfully read the file "C:/Users/Majd Saadouli/AppData/Local/slicer.org/Slicer/cache/SlicerIO/SurgicalSimulation1.nrrd" "[0.84s]"
[DEBUG][Python] 06.12.2024 19:25:34 [Python] (D:/Slicer 5.6.2/bin/../lib/Slicer-5.6/qt-scripted-modules/SampleData.py:384) - Load finished
[DEBUG][Python] 06.12.2024 19:25:56 [Python] (D:/Slicer 5.6.2/bin/../lib/Slicer-5.6/qt-scripted-modules/SampleData.py:384) - Requesting download PreDentalSurgery.gipl.gz from https://github.com/Slicer/SlicerTestingData/releases/download/SHA256/7bfa16945629c319a439f414cfb7edddd2a97ba97753e12eede3b56a0eb09968 ...
[DEBUG][Python] 06.12.2024 19:25:59 [Python] (D:/Slicer 5.6.2/bin/../lib/Slicer-5.6/qt-scripted-modules/SampleData.py:384) - Downloaded 2.4 MB (10% of 23.6 MB)...
[DEBUG][Python] 06.12.2024 19:26:00 [Python] (D:/Slicer 5.6.2/bin/../lib/Slicer-5.6/qt-scripted-modules/SampleData.py:384) - Downloaded 4.7 MB (20% of 23.6 MB)...
[DEBUG][Python] 06.12.2024 19:26:02 [Python] (D:/Slicer 5.6.2/bin/../lib/Slicer-5.6/qt-scripted-modules/SampleData.py:384) - Downloaded 7.1 MB (30% of 23.6 MB)...
[DEBUG][Python] 06.12.2024 19:26:04 [Python] (D:/Slicer 5.6.2/bin/../lib/Slicer-5.6/qt-scripted-modules/SampleData.py:384) - Downloaded 9.5 MB (40% of 23.6 MB)...
[DEBUG][Python] 06.12.2024 19:26:05 [Python] (D:/Slicer 5.6.2/bin/../lib/Slicer-5.6/qt-scripted-modules/SampleData.py:384) - Downloaded 11.8 MB (50% of 23.6 MB)...
[DEBUG][Python] 06.12.2024 19:26:07 [Python] (D:/Slicer 5.6.2/bin/../lib/Slicer-5.6/qt-scripted-modules/SampleData.py:384) - Downloaded 14.2 MB (60% of 23.6 MB)...
[DEBUG][Python] 06.12.2024 19:26:08 [Python] (D:/Slicer 5.6.2/bin/../lib/Slicer-5.6/qt-scripted-modules/SampleData.py:384) - Downloaded 16.5 MB (70% of 23.6 MB)...
[DEBUG][Python] 06.12.2024 19:26:18 [Python] (D:/Slicer 5.6.2/bin/../lib/Slicer-5.6/qt-scripted-modules/SampleData.py:384) - Downloaded 18.9 MB (80% of 23.6 MB)...
[DEBUG][Python] 06.12.2024 19:26:21 [Python] (D:/Slicer 5.6.2/bin/../lib/Slicer-5.6/qt-scripted-modules/SampleData.py:384) - Downloaded 21.3 MB (90% of 23.6 MB)...
[DEBUG][Python] 06.12.2024 19:26:24 [Python] (D:/Slicer 5.6.2/bin/../lib/Slicer-5.6/qt-scripted-modules/SampleData.py:384) - Downloaded 23.6 MB (100% of 23.6 MB)...
[DEBUG][Python] 06.12.2024 19:26:24 [Python] (D:/Slicer 5.6.2/bin/../lib/Slicer-5.6/qt-scripted-modules/SampleData.py:384) - Download finished
[DEBUG][Python] 06.12.2024 19:26:24 [Python] (D:/Slicer 5.6.2/bin/../lib/Slicer-5.6/qt-scripted-modules/SampleData.py:384) - Verifying checksum
[DEBUG][Python] 06.12.2024 19:26:25 [Python] (D:/Slicer 5.6.2/bin/../lib/Slicer-5.6/qt-scripted-modules/SampleData.py:384) - Checksum OK
[DEBUG][Python] 06.12.2024 19:26:25 [Python] (D:/Slicer 5.6.2/bin/../lib/Slicer-5.6/qt-scripted-modules/SampleData.py:384) - Requesting load PreDentalSurgery from C:/Users/Majd Saadouli/AppData/Local/slicer.org/Slicer/cache/SlicerIO/PreDentalSurgery.gipl.gz ...
[DEBUG][Python] 06.12.2024 19:26:25 [Python] (D:/Slicer 5.6.2/bin/../lib/Slicer-5.6/qt-scripted-modules/SampleData.py:384) - Verifying checksum
[DEBUG][Python] 06.12.2024 19:26:25 [Python] (D:/Slicer 5.6.2/bin/../lib/Slicer-5.6/qt-scripted-modules/SampleData.py:384) - File already exists in cache but checksum is different - re-downloading it.
[DEBUG][Python] 06.12.2024 19:26:25 [Python] (D:/Slicer 5.6.2/bin/../lib/Slicer-5.6/qt-scripted-modules/SampleData.py:384) - Requesting download CTA-cardio.nrrd from https://github.com/Slicer/SlicerTestingData/releases/download/SHA256/3b0d4eb1a7d8ebb0c5a89cc0504640f76a030b4e869e33ff34c564c3d3b88ad2 ...
[DEBUG][Python] 06.12.2024 19:26:31 [Python] (D:/Slicer 5.6.2/bin/../lib/Slicer-5.6/qt-scripted-modules/SampleData.py:384) - Downloaded 6.1 MB (10% of 61.1 MB)...
[DEBUG][Python] 06.12.2024 19:26:36 [Python] (D:/Slicer 5.6.2/bin/../lib/Slicer-5.6/qt-scripted-modules/SampleData.py:384) - Downloaded 12.2 MB (20% of 61.1 MB)...
[DEBUG][Python] 06.12.2024 19:26:47 [Python] (D:/Slicer 5.6.2/bin/../lib/Slicer-5.6/qt-scripted-modules/SampleData.py:384) - Downloaded 18.3 MB (30% of 61.1 MB)...
[DEBUG][Python] 06.12.2024 19:26:57 [Python] (D:/Slicer 5.6.2/bin/../lib/Slicer-5.6/qt-scripted-modules/SampleData.py:384) - Downloaded 24.4 MB (40% of 61.1 MB)...
[DEBUG][Python] 06.12.2024 19:27:10 [Python] (D:/Slicer 5.6.2/bin/../lib/Slicer-5.6/qt-scripted-modules/SampleData.py:384) - Downloaded 30.5 MB (50% of 61.1 MB)...
[DEBUG][Python] 06.12.2024 19:27:21 [Python] (D:/Slicer 5.6.2/bin/../lib/Slicer-5.6/qt-scripted-modules/SampleData.py:384) - Downloaded 36.6 MB (60% of 61.1 MB)...
[DEBUG][Python] 06.12.2024 19:27:34 [Python] (D:/Slicer 5.6.2/bin/../lib/Slicer-5.6/qt-scripted-modules/SampleData.py:384) - Downloaded 42.8 MB (70% of 61.1 MB)...
[DEBUG][Python] 06.12.2024 19:27:40 [Python] (D:/Slicer 5.6.2/bin/../lib/Slicer-5.6/qt-scripted-modules/SampleData.py:384) - Downloaded 48.9 MB (80% of 61.1 MB)...
[DEBUG][Python] 06.12.2024 19:27:50 [Python] (D:/Slicer 5.6.2/bin/../lib/Slicer-5.6/qt-scripted-modules/SampleData.py:384) - Downloaded 55.0 MB (90% of 61.1 MB)...
[DEBUG][Python] 06.12.2024 19:28:02 [Python] (D:/Slicer 5.6.2/bin/../lib/Slicer-5.6/qt-scripted-modules/SampleData.py:384) - Downloaded 61.1 MB (100% of 61.1 MB)...
[DEBUG][Python] 06.12.2024 19:28:02 [Python] (D:/Slicer 5.6.2/bin/../lib/Slicer-5.6/qt-scripted-modules/SampleData.py:384) - Download finished
[DEBUG][Python] 06.12.2024 19:28:02 [Python] (D:/Slicer 5.6.2/bin/../lib/Slicer-5.6/qt-scripted-modules/SampleData.py:384) - Verifying checksum
[DEBUG][Python] 06.12.2024 19:28:02 [Python] (D:/Slicer 5.6.2/bin/../lib/Slicer-5.6/qt-scripted-modules/SampleData.py:384) - Checksum OK
[DEBUG][Python] 06.12.2024 19:28:02 [Python] (D:/Slicer 5.6.2/bin/../lib/Slicer-5.6/qt-scripted-modules/SampleData.py:384) - Requesting load CTACardio from C:/Users/Majd Saadouli/AppData/Local/slicer.org/Slicer/cache/SlicerIO/CTA-cardio.nrrd ...
[DEBUG][Qt] 06.12.2024 19:28:04 [] (unknown:0) - "Volume" Reader has successfully read the file "C:/Users/Majd Saadouli/AppData/Local/slicer.org/Slicer/cache/SlicerIO/CTA-cardio.nrrd" "[1.30s]"
[DEBUG][Python] 06.12.2024 19:28:04 [Python] (D:/Slicer 5.6.2/bin/../lib/Slicer-5.6/qt-scripted-modules/SampleData.py:384) - Load finished
[DEBUG][Python] 06.12.2024 19:28:04 [Python] (D:/Slicer 5.6.2/bin/../lib/Slicer-5.6/qt-scripted-modules/SampleData.py:384) - Verifying checksum
[DEBUG][Python] 06.12.2024 19:28:04 [Python] (D:/Slicer 5.6.2/bin/../lib/Slicer-5.6/qt-scripted-modules/SampleData.py:384) - File already exists and checksum is OK - reusing it.
[DEBUG][Python] 06.12.2024 19:28:04 [Python] (D:/Slicer 5.6.2/bin/../lib/Slicer-5.6/qt-scripted-modules/SampleData.py:384) - Requesting load CTACardio from C:/Users/Majd Saadouli/AppData/Local/slicer.org/Slicer/cache/SlicerIO/CTA-cardio.nrrd ...
[DEBUG][Qt] 06.12.2024 19:28:06 [] (unknown:0) - "Volume" Reader has successfully read the file "C:/Users/Majd Saadouli/AppData/Local/slicer.org/Slicer/cache/SlicerIO/CTA-cardio.nrrd" "[1.50s]"
[DEBUG][Python] 06.12.2024 19:28:06 [Python] (D:/Slicer 5.6.2/bin/../lib/Slicer-5.6/qt-scripted-modules/SampleData.py:384) - Load finished
[DEBUG][Qt] 06.12.2024 19:28:06 [] (unknown:0) - "Volume" Reader has successfully read the file "C:/Users/Majd Saadouli/AppData/Local/slicer.org/Slicer/cache/SlicerIO/PreDentalSurgery.gipl.gz" "[101.43s]"
[DEBUG][Python] 06.12.2024 19:28:06 [Python] (D:/Slicer 5.6.2/bin/../lib/Slicer-5.6/qt-scripted-modules/SampleData.py:384) - Load finished
[DEBUG][Python] 06.12.2024 19:28:06 [Python] (D:/Slicer 5.6.2/bin/../lib/Slicer-5.6/qt-scripted-modules/SampleData.py:384) - Requesting download PostDentalSurgery.gipl.gz from https://github.com/Slicer/SlicerTestingData/releases/download/SHA256/4cdc3dc35519bb57daeef4e5df89c00849750e778809e94971d3876f95cc7bbd ...
[DEBUG][Python] 06.12.2024 19:28:13 [Python] (D:/Slicer 5.6.2/bin/../lib/Slicer-5.6/qt-scripted-modules/SampleData.py:384) - Downloaded 3.4 MB (10% of 33.8 MB)...
[DEBUG][Python] 06.12.2024 19:28:17 [Python] (D:/Slicer 5.6.2/bin/../lib/Slicer-5.6/qt-scripted-modules/SampleData.py:384) - Downloaded 6.8 MB (20% of 33.8 MB)...
[DEBUG][Python] 06.12.2024 19:28:21 [Python] (D:/Slicer 5.6.2/bin/../lib/Slicer-5.6/qt-scripted-modules/SampleData.py:384) - Downloaded 10.1 MB (30% of 33.8 MB)...
[DEBUG][Python] 06.12.2024 19:28:23 [Python] (D:/Slicer 5.6.2/bin/../lib/Slicer-5.6/qt-scripted-modules/SampleData.py:384) - Downloaded 13.5 MB (40% of 33.8 MB)...
[DEBUG][Python] 06.12.2024 19:28:27 [Python] (D:/Slicer 5.6.2/bin/../lib/Slicer-5.6/qt-scripted-modules/SampleData.py:384) - Downloaded 16.9 MB (50% of 33.8 MB)...
[DEBUG][Python] 06.12.2024 19:28:33 [Python] (D:/Slicer 5.6.2/bin/../lib/Slicer-5.6/qt-scripted-modules/SampleData.py:384) - Downloaded 20.3 MB (60% of 33.8 MB)...
[DEBUG][Python] 06.12.2024 19:28:35 [Python] (D:/Slicer 5.6.2/bin/../lib/Slicer-5.6/qt-scripted-modules/SampleData.py:384) - Downloaded 23.6 MB (70% of 33.8 MB)...
[DEBUG][Python] 06.12.2024 19:28:39 [Python] (D:/Slicer 5.6.2/bin/../lib/Slicer-5.6/qt-scripted-modules/SampleData.py:384) - Downloaded 27.0 MB (80% of 33.8 MB)...
[DEBUG][Python] 06.12.2024 19:28:42 [Python] (D:/Slicer 5.6.2/bin/../lib/Slicer-5.6/qt-scripted-modules/SampleData.py:384) - Downloaded 30.4 MB (90% of 33.8 MB)...
[DEBUG][Python] 06.12.2024 19:28:47 [Python] (D:/Slicer 5.6.2/bin/../lib/Slicer-5.6/qt-scripted-modules/SampleData.py:384) - Downloaded 33.8 MB (100% of 33.8 MB)...
[DEBUG][Python] 06.12.2024 19:28:47 [Python] (D:/Slicer 5.6.2/bin/../lib/Slicer-5.6/qt-scripted-modules/SampleData.py:384) - Download finished
[DEBUG][Python] 06.12.2024 19:28:47 [Python] (D:/Slicer 5.6.2/bin/../lib/Slicer-5.6/qt-scripted-modules/SampleData.py:384) - Verifying checksum
[DEBUG][Python] 06.12.2024 19:28:47 [Python] (D:/Slicer 5.6.2/bin/../lib/Slicer-5.6/qt-scripted-modules/SampleData.py:384) - Checksum OK
[DEBUG][Python] 06.12.2024 19:28:47 [Python] (D:/Slicer 5.6.2/bin/../lib/Slicer-5.6/qt-scripted-modules/SampleData.py:384) - Requesting load PostDentalSurgery from C:/Users/Majd Saadouli/AppData/Local/slicer.org/Slicer/cache/SlicerIO/PostDentalSurgery.gipl.gz ...
[DEBUG][Qt] 06.12.2024 19:28:48 [] (unknown:0) - "Volume" Reader has successfully read the file "C:/Users/Majd Saadouli/AppData/Local/slicer.org/Slicer/cache/SlicerIO/PostDentalSurgery.gipl.gz" "[0.88s]"
[DEBUG][Python] 06.12.2024 19:28:49 [Python] (D:/Slicer 5.6.2/bin/../lib/Slicer-5.6/qt-scripted-modules/SampleData.py:384) - Load finished
[DEBUG][Python] 06.12.2024 19:30:30 [Python] (D:/Slicer 5.6.2/bin/../lib/Slicer-5.6/qt-scripted-modules/SampleData.py:384) - Requesting download CTLiver.nrrd from https://github.com/Slicer/SlicerTestingData/releases/download/SHA256/e16eae0ae6fefa858c5c11e58f0f1bb81834d81b7102e021571056324ef6f37e ...
[DEBUG][Python] 06.12.2024 19:31:08 [Python] (D:/Slicer 5.6.2/bin/../lib/Slicer-5.6/qt-scripted-modules/SampleData.py:384) - Downloaded 27.9 MB (10% of 278.8 MB)...
[DEBUG][Python] 06.12.2024 19:31:31 [Python] (D:/Slicer 5.6.2/bin/../lib/Slicer-5.6/qt-scripted-modules/SampleData.py:384) - Downloaded 55.8 MB (20% of 278.8 MB)...
[DEBUG][Python] 06.12.2024 19:32:04 [Python] (D:/Slicer 5.6.2/bin/../lib/Slicer-5.6/qt-scripted-modules/SampleData.py:384) - Downloaded 83.6 MB (30% of 278.8 MB)...
[DEBUG][Python] 06.12.2024 19:32:24 [Python] (D:/Slicer 5.6.2/bin/../lib/Slicer-5.6/qt-scripted-modules/SampleData.py:384) - Downloaded 111.5 MB (40% of 278.8 MB)...
[DEBUG][Python] 06.12.2024 19:32:47 [Python] (D:/Slicer 5.6.2/bin/../lib/Slicer-5.6/qt-scripted-modules/SampleData.py:384) - Downloaded 139.4 MB (50% of 278.8 MB)...
[DEBUG][Python] 06.12.2024 19:33:17 [Python] (D:/Slicer 5.6.2/bin/../lib/Slicer-5.6/qt-scripted-modules/SampleData.py:384) - Downloaded 167.3 MB (60% of 278.8 MB)...
[DEBUG][Python] 06.12.2024 19:34:02 [Python] (D:/Slicer 5.6.2/bin/../lib/Slicer-5.6/qt-scripted-modules/SampleData.py:384) - Downloaded 195.2 MB (70% of 278.8 MB)...
[DEBUG][Python] 06.12.2024 19:34:23 [Python] (D:/Slicer 5.6.2/bin/../lib/Slicer-5.6/qt-scripted-modules/SampleData.py:384) - Downloaded 223.0 MB (80% of 278.8 MB)...
[DEBUG][Python] 06.12.2024 19:34:51 [Python] (D:/Slicer 5.6.2/bin/../lib/Slicer-5.6/qt-scripted-modules/SampleData.py:384) - Downloaded 250.9 MB (90% of 278.8 MB)...
[DEBUG][Python] 06.12.2024 19:35:32 [Python] (D:/Slicer 5.6.2/bin/../lib/Slicer-5.6/qt-scripted-modules/SampleData.py:384) - Downloaded 278.8 MB (100% of 278.8 MB)...
[DEBUG][Python] 06.12.2024 19:35:32 [Python] (D:/Slicer 5.6.2/bin/../lib/Slicer-5.6/qt-scripted-modules/SampleData.py:384) - Download finished
[DEBUG][Python] 06.12.2024 19:35:32 [Python] (D:/Slicer 5.6.2/bin/../lib/Slicer-5.6/qt-scripted-modules/SampleData.py:384) - Verifying checksum
[DEBUG][Python] 06.12.2024 19:35:35 [Python] (D:/Slicer 5.6.2/bin/../lib/Slicer-5.6/qt-scripted-modules/SampleData.py:384) - Checksum OK
[DEBUG][Python] 06.12.2024 19:35:35 [Python] (D:/Slicer 5.6.2/bin/../lib/Slicer-5.6/qt-scripted-modules/SampleData.py:384) - Requesting load CTLiver from C:/Users/Majd Saadouli/AppData/Local/slicer.org/Slicer/cache/SlicerIO/CTLiver.nrrd ...
[DEBUG][Qt] 06.12.2024 19:35:42 [] (unknown:0) - "Volume" Reader has successfully read the file "C:/Users/Majd Saadouli/AppData/Local/slicer.org/Slicer/cache/SlicerIO/CTLiver.nrrd" "[6.84s]"
[DEBUG][Python] 06.12.2024 19:35:42 [Python] (D:/Slicer 5.6.2/bin/../lib/Slicer-5.6/qt-scripted-modules/SampleData.py:384) - Load finished
[DEBUG][Qt] 06.12.2024 19:36:06 [] (unknown:0) - Switch to module:  ""
